<?xml version="1.0" encoding="UTF-8"?>
<!-- Generated by org.testng.reporters.JUnitXMLReporter -->
<testsuite hostname="LAPTOP-S3E6FN1T" ignored="0" name="Login_data-driven" tests="5" failures="3" timestamp="2019-12-04T00:28:36 EST" time="10.282" errors="0">
  <testcase name="asign" time="5.139" classname="datadriventestcases.LoginDataDriven"/>
  <testcase name="login" time="0.494" classname="datadriventestcases.LoginDataDriven">
    <failure type="java.lang.AssertionError" message="expected [Zero - Log in] but found [Zero - Account Summary]">
      <![CDATA[java.lang.AssertionError: expected [Zero - Log in] but found [Zero - Account Summary]
at datadriventestcases.LoginDataDriven.login(LoginDataDriven.java:29)
at java.util.ArrayList.forEach(ArrayList.java:1257)
... Removed 32 stack frames]]>
    </failure>
  </testcase> <!-- login -->
  <testcase name="login" time="0.442" classname="datadriventestcases.LoginDataDriven">
    <failure type="java.lang.AssertionError" message="expected [Zero - Log in] but found [Zero - Account Summary]">
      <![CDATA[java.lang.AssertionError: expected [Zero - Log in] but found [Zero - Account Summary]
at datadriventestcases.LoginDataDriven.login(LoginDataDriven.java:29)
at java.util.ArrayList.forEach(ArrayList.java:1257)
... Removed 32 stack frames]]>
    </failure>
  </testcase> <!-- login -->
  <testcase name="login" time="0.423" classname="datadriventestcases.LoginDataDriven">
    <failure type="java.lang.AssertionError" message="expected [Zero - Log in] but found [Zero - Account Summary]">
      <![CDATA[java.lang.AssertionError: expected [Zero - Log in] but found [Zero - Account Summary]
at datadriventestcases.LoginDataDriven.login(LoginDataDriven.java:29)
at java.util.ArrayList.forEach(ArrayList.java:1257)
... Removed 32 stack frames]]>
    </failure>
  </testcase> <!-- login -->
  <testcase name="login" time="1.993" classname="datadriventestcases.LoginDataDriven"/>
</testsuite> <!-- Login_data-driven -->
