<?xml version="1.0" encoding="UTF-8"?>
<!-- Generated by org.testng.reporters.JUnitXMLReporter -->
<testsuite hostname="LAPTOP-S3E6FN1T" ignored="0" name="Regression" tests="7" failures="0" timestamp="2019-12-04T16:19:48 EST" time="64.769" errors="0">
  <testcase name="showAcc" time="11.14" classname="functionaltestcases.AccountSummaryTestCase"/>
  <testcase name="Addpayee" time="7.095" classname="functionaltestcases.AddPayeeTestCase"/>
  <testcase name="PurchaseCur" time="9.87" classname="functionaltestcases.PurchaseFCurrencyTestCase"/>
  <testcase name="showtr" time="10.771" classname="functionaltestcases.ShowTransactionTestCase"/>
  <testcase name="Findtr" time="9.481" classname="functionaltestcases.FindTransactionTestCase"/>
  <testcase name="PayPayee" time="8.299" classname="functionaltestcases.PaySavedPayeeTestCase"/>
  <testcase name="transferfunds" time="7.262" classname="functionaltestcases.TransferFundTestCase"/>
</testsuite> <!-- Regression -->
