<?xml version="1.0" encoding="UTF-8"?>
<!-- Generated by org.testng.reporters.JUnitXMLReporter -->
<testsuite hostname="LAPTOP-S3E6FN1T" ignored="0" name="Login_data-driven" tests="5" failures="3" timestamp="04 Dec 2019 04:36:16 GMT" time="12.281" errors="0">
  <testcase name="asign" time="5.514" classname="datadriventestcases.LoginDataDriven"/>
  <testcase name="login" time="0.694" classname="datadriventestcases.LoginDataDriven">
    <failure type="java.lang.AssertionError" message="expected [Zero - Log in] but found [Zero - Account Summary]">
      <![CDATA[java.lang.AssertionError: expected [Zero - Log in] but found [Zero - Account Summary]
at datadriventestcases.LoginDataDriven.login(LoginDataDriven.java:29)
... Removed 35 stack frames]]>
    </failure>
  </testcase> <!-- login -->
  <testcase name="login" time="0.604" classname="datadriventestcases.LoginDataDriven">
    <failure type="java.lang.AssertionError" message="expected [Zero - Log in] but found [Zero - Account Summary]">
      <![CDATA[java.lang.AssertionError: expected [Zero - Log in] but found [Zero - Account Summary]
at datadriventestcases.LoginDataDriven.login(LoginDataDriven.java:29)
... Removed 35 stack frames]]>
    </failure>
  </testcase> <!-- login -->
  <testcase name="login" time="0.497" classname="datadriventestcases.LoginDataDriven">
    <failure type="java.lang.AssertionError" message="expected [Zero - Log in] but found [Zero - Account Summary]">
      <![CDATA[java.lang.AssertionError: expected [Zero - Log in] but found [Zero - Account Summary]
at datadriventestcases.LoginDataDriven.login(LoginDataDriven.java:29)
... Removed 35 stack frames]]>
    </failure>
  </testcase> <!-- login -->
  <testcase name="login" time="2.199" classname="datadriventestcases.LoginDataDriven"/>
</testsuite> <!-- Login_data-driven -->
