<?xml version="1.0" encoding="UTF-8"?>
<testng-results skipped="0" failed="3" ignored="0" total="20" passed="17">
  <reporter-output>
    <line>
      <![CDATA[Click to see Screenshot]]>
    </line>
    <line>
      <![CDATA[<a target="_blank" href=Fri_Dec_06_00_19_41_EST_2019.jpg>Screenshot</a>]]>
    </line>
    <line>
      <![CDATA[<br>]]>
    </line>
    <line>
      <![CDATA[<br>]]>
    </line>
    <line>
      <![CDATA[<a target="_blank" href=Fri_Dec_06_00_19_41_EST_2019.jpg><img src=Fri_Dec_06_00_19_41_EST_2019.jpg height=200 width=200></img></a>]]>
    </line>
    <line>
      <![CDATA[Click to see Screenshot]]>
    </line>
    <line>
      <![CDATA[<a target="_blank" href=Fri_Dec_06_00_19_42_EST_2019.jpg>Screenshot</a>]]>
    </line>
    <line>
      <![CDATA[<br>]]>
    </line>
    <line>
      <![CDATA[<br>]]>
    </line>
    <line>
      <![CDATA[<a target="_blank" href=Fri_Dec_06_00_19_42_EST_2019.jpg><img src=Fri_Dec_06_00_19_42_EST_2019.jpg height=200 width=200></img></a>]]>
    </line>
    <line>
      <![CDATA[Click to see Screenshot]]>
    </line>
    <line>
      <![CDATA[<a target="_blank" href=Fri_Dec_06_00_19_43_EST_2019.jpg>Screenshot</a>]]>
    </line>
    <line>
      <![CDATA[<br>]]>
    </line>
    <line>
      <![CDATA[<br>]]>
    </line>
    <line>
      <![CDATA[<a target="_blank" href=Fri_Dec_06_00_19_43_EST_2019.jpg><img src=Fri_Dec_06_00_19_43_EST_2019.jpg height=200 width=200></img></a>]]>
    </line>
  </reporter-output>
  <suite name="Presentation for ZeroBanking (0)" duration-ms="66430" started-at="2019-12-06T05:20:25Z" finished-at="2019-12-06T05:21:32Z">
    <groups>
    </groups>
    <test name="Regression" duration-ms="66430" started-at="2019-12-06T05:20:25Z" finished-at="2019-12-06T05:21:32Z">
      <class name="functionaltestcases.FindTransactionTestCase">
        <test-method status="PASS" signature="Findtr()[pri:0, instance:functionaltestcases.FindTransactionTestCase@5276d6ee]" name="Findtr" duration-ms="10323" started-at="2019-12-06T05:21:03Z" finished-at="2019-12-06T05:21:14Z">
          <reporter-output>
          </reporter-output>
        </test-method> <!-- Findtr -->
      </class> <!-- functionaltestcases.FindTransactionTestCase -->
      <class name="functionaltestcases.ShowTransactionTestCase">
        <test-method status="PASS" signature="showtr()[pri:0, instance:functionaltestcases.ShowTransactionTestCase@5c7bfdc1]" name="showtr" duration-ms="9788" started-at="2019-12-06T05:20:53Z" finished-at="2019-12-06T05:21:03Z">
          <reporter-output>
          </reporter-output>
        </test-method> <!-- showtr -->
      </class> <!-- functionaltestcases.ShowTransactionTestCase -->
      <class name="functionaltestcases.AddPayeeTestCase">
        <test-method status="PASS" signature="Addpayee()[pri:0, instance:functionaltestcases.AddPayeeTestCase@475c9c31]" name="Addpayee" duration-ms="7957" started-at="2019-12-06T05:20:35Z" finished-at="2019-12-06T05:20:43Z">
          <reporter-output>
          </reporter-output>
        </test-method> <!-- Addpayee -->
      </class> <!-- functionaltestcases.AddPayeeTestCase -->
      <class name="functionaltestcases.PurchaseFCurrencyTestCase">
        <test-method status="PASS" signature="PurchaseCur()[pri:0, instance:functionaltestcases.PurchaseFCurrencyTestCase@5c86a017]" name="PurchaseCur" duration-ms="10395" started-at="2019-12-06T05:20:43Z" finished-at="2019-12-06T05:20:53Z">
          <reporter-output>
          </reporter-output>
        </test-method> <!-- PurchaseCur -->
      </class> <!-- functionaltestcases.PurchaseFCurrencyTestCase -->
      <class name="functionaltestcases.AccountSummaryTestCase">
        <test-method status="PASS" signature="showAcc()[pri:0, instance:functionaltestcases.AccountSummaryTestCase@57db2b13]" name="showAcc" duration-ms="9395" started-at="2019-12-06T05:20:25Z" finished-at="2019-12-06T05:20:35Z">
          <reporter-output>
          </reporter-output>
        </test-method> <!-- showAcc -->
      </class> <!-- functionaltestcases.AccountSummaryTestCase -->
      <class name="functionaltestcases.TransferFundTestCase">
        <test-method status="PASS" signature="transferfunds()[pri:0, instance:functionaltestcases.TransferFundTestCase@1807f5a7]" name="transferfunds" duration-ms="9772" started-at="2019-12-06T05:21:22Z" finished-at="2019-12-06T05:21:32Z">
          <reporter-output>
          </reporter-output>
        </test-method> <!-- transferfunds -->
      </class> <!-- functionaltestcases.TransferFundTestCase -->
      <class name="functionaltestcases.PaySavedPayeeTestCase">
        <test-method status="PASS" signature="PayPayee()[pri:0, instance:functionaltestcases.PaySavedPayeeTestCase@71687585]" name="PayPayee" duration-ms="8240" started-at="2019-12-06T05:21:14Z" finished-at="2019-12-06T05:21:22Z">
          <reporter-output>
          </reporter-output>
        </test-method> <!-- PayPayee -->
      </class> <!-- functionaltestcases.PaySavedPayeeTestCase -->
    </test> <!-- Regression -->
  </suite> <!-- Presentation for ZeroBanking (0) -->
  <suite name="Login" duration-ms="10775" started-at="2019-12-06T05:19:34Z" finished-at="2019-12-06T05:19:45Z">
    <groups>
    </groups>
    <test name="Login_data-driven" duration-ms="10775" started-at="2019-12-06T05:19:34Z" finished-at="2019-12-06T05:19:45Z">
      <class name="datadriventestcases.LoginDataDriven">
        <test-method status="PASS" signature="asign()[pri:0, instance:datadriventestcases.LoginDataDriven@5e7cd6cc]" name="asign" duration-ms="5460" started-at="2019-12-06T05:19:34Z" finished-at="2019-12-06T05:19:40Z">
          <reporter-output>
          </reporter-output>
        </test-method> <!-- asign -->
        <test-method status="FAIL" signature="login(java.lang.String, java.lang.String)[pri:0, instance:datadriventestcases.LoginDataDriven@5e7cd6cc]" name="login" duration-ms="484" started-at="2019-12-06T05:19:40Z" data-provider="credential" finished-at="2019-12-06T05:19:41Z">
          <params>
            <param index="0">
              <value>
                <![CDATA[username]]>
              </value>
            </param>
            <param index="1">
              <value>
                <![CDATA[cvcc]]>
              </value>
            </param>
          </params>
          <exception class="java.lang.AssertionError">
            <message>
              <![CDATA[expected [Zero - Log in] but found [Zero - Account Summary]]]>
            </message>
            <full-stacktrace>
              <![CDATA[java.lang.AssertionError: expected [Zero - Log in] but found [Zero - Account Summary]
at org.testng.Assert.fail(Assert.java:96)
at org.testng.Assert.failNotEquals(Assert.java:776)
at org.testng.Assert.assertEqualsImpl(Assert.java:137)
at org.testng.Assert.assertEquals(Assert.java:118)
at org.testng.Assert.assertEquals(Assert.java:453)
at org.testng.Assert.assertEquals(Assert.java:463)
at datadriventestcases.LoginDataDriven.login(LoginDataDriven.java:32)
at sun.reflect.NativeMethodAccessorImpl.invoke0(Native Method)
at sun.reflect.NativeMethodAccessorImpl.invoke(NativeMethodAccessorImpl.java:62)
at sun.reflect.DelegatingMethodAccessorImpl.invoke(DelegatingMethodAccessorImpl.java:43)
at java.lang.reflect.Method.invoke(Method.java:498)
at org.testng.internal.MethodInvocationHelper.invokeMethod(MethodInvocationHelper.java:124)
at org.testng.internal.Invoker.invokeMethod(Invoker.java:583)
at org.testng.internal.Invoker.invokeTestMethod(Invoker.java:719)
at org.testng.internal.Invoker.invokeTestMethods(Invoker.java:989)
at org.testng.internal.TestMethodWorker.invokeTestMethods(TestMethodWorker.java:125)
at org.testng.internal.TestMethodWorker.run(TestMethodWorker.java:109)
at org.testng.TestRunner.privateRun(TestRunner.java:648)
at org.testng.TestRunner.run(TestRunner.java:505)
at org.testng.SuiteRunner.runTest(SuiteRunner.java:455)
at org.testng.SuiteRunner.runSequentially(SuiteRunner.java:450)
at org.testng.SuiteRunner.privateRun(SuiteRunner.java:415)
at org.testng.SuiteRunner.run(SuiteRunner.java:364)
at org.testng.SuiteRunnerWorker.runSuite(SuiteRunnerWorker.java:52)
at org.testng.SuiteRunnerWorker.run(SuiteRunnerWorker.java:84)
at org.testng.TestNG.runSuitesSequentially(TestNG.java:1208)
at org.testng.TestNG.runSuitesLocally(TestNG.java:1137)
at org.testng.TestNG.runSuites(TestNG.java:1049)
at org.testng.TestNG.run(TestNG.java:1017)
at org.apache.maven.surefire.testng.TestNGExecutor.run(TestNGExecutor.java:283)
at org.apache.maven.surefire.testng.TestNGXmlTestSuite.execute(TestNGXmlTestSuite.java:75)
at org.apache.maven.surefire.testng.TestNGProvider.invoke(TestNGProvider.java:120)
at org.apache.maven.surefire.booter.ForkedBooter.runSuitesInProcess(ForkedBooter.java:377)
at org.apache.maven.surefire.booter.ForkedBooter.execute(ForkedBooter.java:138)
at org.apache.maven.surefire.booter.ForkedBooter.run(ForkedBooter.java:465)
at org.apache.maven.surefire.booter.ForkedBooter.main(ForkedBooter.java:451)
]]>
            </full-stacktrace>
          </exception> <!-- java.lang.AssertionError -->
          <reporter-output>
            <line>
              <![CDATA[Click to see Screenshot]]>
            </line>
            <line>
              <![CDATA[<a target="_blank" href=Fri_Dec_06_00_19_41_EST_2019.jpg>Screenshot</a>]]>
            </line>
            <line>
              <![CDATA[<br>]]>
            </line>
            <line>
              <![CDATA[<br>]]>
            </line>
            <line>
              <![CDATA[<a target="_blank" href=Fri_Dec_06_00_19_41_EST_2019.jpg><img src=Fri_Dec_06_00_19_41_EST_2019.jpg height=200 width=200></img></a>]]>
            </line>
          </reporter-output>
        </test-method> <!-- login -->
        <test-method status="FAIL" signature="login(java.lang.String, java.lang.String)[pri:0, instance:datadriventestcases.LoginDataDriven@5e7cd6cc]" name="login" duration-ms="435" started-at="2019-12-06T05:19:41Z" data-provider="credential" finished-at="2019-12-06T05:19:42Z">
          <params>
            <param index="0">
              <value>
                <![CDATA[dfg]]>
              </value>
            </param>
            <param index="1">
              <value>
                <![CDATA[rtr]]>
              </value>
            </param>
          </params>
          <exception class="java.lang.AssertionError">
            <message>
              <![CDATA[expected [Zero - Log in] but found [Zero - Account Summary]]]>
            </message>
            <full-stacktrace>
              <![CDATA[java.lang.AssertionError: expected [Zero - Log in] but found [Zero - Account Summary]
at org.testng.Assert.fail(Assert.java:96)
at org.testng.Assert.failNotEquals(Assert.java:776)
at org.testng.Assert.assertEqualsImpl(Assert.java:137)
at org.testng.Assert.assertEquals(Assert.java:118)
at org.testng.Assert.assertEquals(Assert.java:453)
at org.testng.Assert.assertEquals(Assert.java:463)
at datadriventestcases.LoginDataDriven.login(LoginDataDriven.java:32)
at sun.reflect.NativeMethodAccessorImpl.invoke0(Native Method)
at sun.reflect.NativeMethodAccessorImpl.invoke(NativeMethodAccessorImpl.java:62)
at sun.reflect.DelegatingMethodAccessorImpl.invoke(DelegatingMethodAccessorImpl.java:43)
at java.lang.reflect.Method.invoke(Method.java:498)
at org.testng.internal.MethodInvocationHelper.invokeMethod(MethodInvocationHelper.java:124)
at org.testng.internal.Invoker.invokeMethod(Invoker.java:583)
at org.testng.internal.Invoker.invokeTestMethod(Invoker.java:719)
at org.testng.internal.Invoker.invokeTestMethods(Invoker.java:989)
at org.testng.internal.TestMethodWorker.invokeTestMethods(TestMethodWorker.java:125)
at org.testng.internal.TestMethodWorker.run(TestMethodWorker.java:109)
at org.testng.TestRunner.privateRun(TestRunner.java:648)
at org.testng.TestRunner.run(TestRunner.java:505)
at org.testng.SuiteRunner.runTest(SuiteRunner.java:455)
at org.testng.SuiteRunner.runSequentially(SuiteRunner.java:450)
at org.testng.SuiteRunner.privateRun(SuiteRunner.java:415)
at org.testng.SuiteRunner.run(SuiteRunner.java:364)
at org.testng.SuiteRunnerWorker.runSuite(SuiteRunnerWorker.java:52)
at org.testng.SuiteRunnerWorker.run(SuiteRunnerWorker.java:84)
at org.testng.TestNG.runSuitesSequentially(TestNG.java:1208)
at org.testng.TestNG.runSuitesLocally(TestNG.java:1137)
at org.testng.TestNG.runSuites(TestNG.java:1049)
at org.testng.TestNG.run(TestNG.java:1017)
at org.apache.maven.surefire.testng.TestNGExecutor.run(TestNGExecutor.java:283)
at org.apache.maven.surefire.testng.TestNGXmlTestSuite.execute(TestNGXmlTestSuite.java:75)
at org.apache.maven.surefire.testng.TestNGProvider.invoke(TestNGProvider.java:120)
at org.apache.maven.surefire.booter.ForkedBooter.runSuitesInProcess(ForkedBooter.java:377)
at org.apache.maven.surefire.booter.ForkedBooter.execute(ForkedBooter.java:138)
at org.apache.maven.surefire.booter.ForkedBooter.run(ForkedBooter.java:465)
at org.apache.maven.surefire.booter.ForkedBooter.main(ForkedBooter.java:451)
]]>
            </full-stacktrace>
          </exception> <!-- java.lang.AssertionError -->
          <reporter-output>
            <line>
              <![CDATA[Click to see Screenshot]]>
            </line>
            <line>
              <![CDATA[<a target="_blank" href=Fri_Dec_06_00_19_42_EST_2019.jpg>Screenshot</a>]]>
            </line>
            <line>
              <![CDATA[<br>]]>
            </line>
            <line>
              <![CDATA[<br>]]>
            </line>
            <line>
              <![CDATA[<a target="_blank" href=Fri_Dec_06_00_19_42_EST_2019.jpg><img src=Fri_Dec_06_00_19_42_EST_2019.jpg height=200 width=200></img></a>]]>
            </line>
          </reporter-output>
        </test-method> <!-- login -->
        <test-method status="FAIL" signature="login(java.lang.String, java.lang.String)[pri:0, instance:datadriventestcases.LoginDataDriven@5e7cd6cc]" name="login" duration-ms="414" started-at="2019-12-06T05:19:42Z" data-provider="credential" finished-at="2019-12-06T05:19:43Z">
          <params>
            <param index="0">
              <value>
                <![CDATA[dffg]]>
              </value>
            </param>
            <param index="1">
              <value>
                <![CDATA[sdffdf]]>
              </value>
            </param>
          </params>
          <exception class="java.lang.AssertionError">
            <message>
              <![CDATA[expected [Zero - Log in] but found [Zero - Account Summary]]]>
            </message>
            <full-stacktrace>
              <![CDATA[java.lang.AssertionError: expected [Zero - Log in] but found [Zero - Account Summary]
at org.testng.Assert.fail(Assert.java:96)
at org.testng.Assert.failNotEquals(Assert.java:776)
at org.testng.Assert.assertEqualsImpl(Assert.java:137)
at org.testng.Assert.assertEquals(Assert.java:118)
at org.testng.Assert.assertEquals(Assert.java:453)
at org.testng.Assert.assertEquals(Assert.java:463)
at datadriventestcases.LoginDataDriven.login(LoginDataDriven.java:32)
at sun.reflect.NativeMethodAccessorImpl.invoke0(Native Method)
at sun.reflect.NativeMethodAccessorImpl.invoke(NativeMethodAccessorImpl.java:62)
at sun.reflect.DelegatingMethodAccessorImpl.invoke(DelegatingMethodAccessorImpl.java:43)
at java.lang.reflect.Method.invoke(Method.java:498)
at org.testng.internal.MethodInvocationHelper.invokeMethod(MethodInvocationHelper.java:124)
at org.testng.internal.Invoker.invokeMethod(Invoker.java:583)
at org.testng.internal.Invoker.invokeTestMethod(Invoker.java:719)
at org.testng.internal.Invoker.invokeTestMethods(Invoker.java:989)
at org.testng.internal.TestMethodWorker.invokeTestMethods(TestMethodWorker.java:125)
at org.testng.internal.TestMethodWorker.run(TestMethodWorker.java:109)
at org.testng.TestRunner.privateRun(TestRunner.java:648)
at org.testng.TestRunner.run(TestRunner.java:505)
at org.testng.SuiteRunner.runTest(SuiteRunner.java:455)
at org.testng.SuiteRunner.runSequentially(SuiteRunner.java:450)
at org.testng.SuiteRunner.privateRun(SuiteRunner.java:415)
at org.testng.SuiteRunner.run(SuiteRunner.java:364)
at org.testng.SuiteRunnerWorker.runSuite(SuiteRunnerWorker.java:52)
at org.testng.SuiteRunnerWorker.run(SuiteRunnerWorker.java:84)
at org.testng.TestNG.runSuitesSequentially(TestNG.java:1208)
at org.testng.TestNG.runSuitesLocally(TestNG.java:1137)
at org.testng.TestNG.runSuites(TestNG.java:1049)
at org.testng.TestNG.run(TestNG.java:1017)
at org.apache.maven.surefire.testng.TestNGExecutor.run(TestNGExecutor.java:283)
at org.apache.maven.surefire.testng.TestNGXmlTestSuite.execute(TestNGXmlTestSuite.java:75)
at org.apache.maven.surefire.testng.TestNGProvider.invoke(TestNGProvider.java:120)
at org.apache.maven.surefire.booter.ForkedBooter.runSuitesInProcess(ForkedBooter.java:377)
at org.apache.maven.surefire.booter.ForkedBooter.execute(ForkedBooter.java:138)
at org.apache.maven.surefire.booter.ForkedBooter.run(ForkedBooter.java:465)
at org.apache.maven.surefire.booter.ForkedBooter.main(ForkedBooter.java:451)
]]>
            </full-stacktrace>
          </exception> <!-- java.lang.AssertionError -->
          <reporter-output>
            <line>
              <![CDATA[Click to see Screenshot]]>
            </line>
            <line>
              <![CDATA[<a target="_blank" href=Fri_Dec_06_00_19_43_EST_2019.jpg>Screenshot</a>]]>
            </line>
            <line>
              <![CDATA[<br>]]>
            </line>
            <line>
              <![CDATA[<br>]]>
            </line>
            <line>
              <![CDATA[<a target="_blank" href=Fri_Dec_06_00_19_43_EST_2019.jpg><img src=Fri_Dec_06_00_19_43_EST_2019.jpg height=200 width=200></img></a>]]>
            </line>
          </reporter-output>
        </test-method> <!-- login -->
        <test-method status="PASS" signature="login(java.lang.String, java.lang.String)[pri:0, instance:datadriventestcases.LoginDataDriven@5e7cd6cc]" name="login" duration-ms="1553" started-at="2019-12-06T05:19:43Z" data-provider="credential" finished-at="2019-12-06T05:19:45Z">
          <params>
            <param index="0">
              <value>
                <![CDATA[username]]>
              </value>
            </param>
            <param index="1">
              <value>
                <![CDATA[password]]>
              </value>
            </param>
          </params>
          <reporter-output>
          </reporter-output>
        </test-method> <!-- login -->
      </class> <!-- datadriventestcases.LoginDataDriven -->
    </test> <!-- Login_data-driven -->
  </suite> <!-- Login -->
  <suite name="Presentation for ZeroBanking" duration-ms="23176" started-at="2019-12-06T05:20:00Z" finished-at="2019-12-06T05:20:23Z">
    <groups>
    </groups>
    <test name="Smoke" duration-ms="23176" started-at="2019-12-06T05:20:00Z" finished-at="2019-12-06T05:20:23Z">
      <class name="functionaltestcases.ShowTransactionTestCase">
        <test-method status="PASS" signature="showtr()[pri:0, instance:functionaltestcases.ShowTransactionTestCase@58e1d9d]" name="showtr" duration-ms="14755" started-at="2019-12-06T05:20:09Z" finished-at="2019-12-06T05:20:23Z">
          <reporter-output>
          </reporter-output>
        </test-method> <!-- showtr -->
      </class> <!-- functionaltestcases.ShowTransactionTestCase -->
      <class name="functionaltestcases.PaySavedPayeeTestCase">
        <test-method status="PASS" signature="PayPayee()[pri:0, instance:functionaltestcases.PaySavedPayeeTestCase@29d80d2b]" name="PayPayee" duration-ms="8284" started-at="2019-12-06T05:20:00Z" finished-at="2019-12-06T05:20:08Z">
          <reporter-output>
          </reporter-output>
        </test-method> <!-- PayPayee -->
      </class> <!-- functionaltestcases.PaySavedPayeeTestCase -->
    </test> <!-- Smoke -->
  </suite> <!-- Presentation for ZeroBanking -->
  <suite name="Addpayee" duration-ms="10488" started-at="2019-12-06T05:19:48Z" finished-at="2019-12-06T05:19:58Z">
    <groups>
    </groups>
    <test name="Addpayee_Function" duration-ms="10488" started-at="2019-12-06T05:19:48Z" finished-at="2019-12-06T05:19:58Z">
      <class name="datadriventestcases.AddPayee_datadriven">
        <test-method status="PASS" signature="asign()[pri:1, instance:datadriventestcases.AddPayee_datadriven@1b1cfb87]" name="asign" duration-ms="5465" started-at="2019-12-06T05:19:48Z" finished-at="2019-12-06T05:19:53Z">
          <reporter-output>
          </reporter-output>
        </test-method> <!-- asign -->
        <test-method status="PASS" signature="Addpayee(java.lang.String, java.lang.String, java.lang.String, java.lang.String)[pri:2, instance:datadriventestcases.AddPayee_datadriven@1b1cfb87]" name="Addpayee" duration-ms="1084" started-at="2019-12-06T05:19:53Z" data-provider="credentials" finished-at="2019-12-06T05:19:54Z">
          <params>
            <param index="0">
              <value>
                <![CDATA[Spirit of Maths]]>
              </value>
            </param>
            <param index="1">
              <value>
                <![CDATA[3124 Dukins dr, Mississauga]]>
              </value>
            </param>
            <param index="2">
              <value>
                <![CDATA[ASW34455SDf]]>
              </value>
            </param>
            <param index="3">
              <value>
                <![CDATA[Maths Classes]]>
              </value>
            </param>
          </params>
          <reporter-output>
          </reporter-output>
        </test-method> <!-- Addpayee -->
        <test-method status="PASS" signature="Addpayee(java.lang.String, java.lang.String, java.lang.String, java.lang.String)[pri:2, instance:datadriventestcases.AddPayee_datadriven@1b1cfb87]" name="Addpayee" duration-ms="941" started-at="2019-12-06T05:19:54Z" data-provider="credentials" finished-at="2019-12-06T05:19:55Z">
          <params>
            <param index="0">
              <value>
                <![CDATA[GoodLife]]>
              </value>
            </param>
            <param index="1">
              <value>
                <![CDATA[Glenerin dr, Mississauga]]>
              </value>
            </param>
            <param index="2">
              <value>
                <![CDATA[QWvgbfhj54656765]]>
              </value>
            </param>
            <param index="3">
              <value>
                <![CDATA[Gim]]>
              </value>
            </param>
          </params>
          <reporter-output>
          </reporter-output>
        </test-method> <!-- Addpayee -->
        <test-method status="PASS" signature="Addpayee(java.lang.String, java.lang.String, java.lang.String, java.lang.String)[pri:2, instance:datadriventestcases.AddPayee_datadriven@1b1cfb87]" name="Addpayee" duration-ms="843" started-at="2019-12-06T05:19:55Z" data-provider="credentials" finished-at="2019-12-06T05:19:56Z">
          <params>
            <param index="0">
              <value>
                <![CDATA[EDI Mrk]]>
              </value>
            </param>
            <param index="1">
              <value>
                <![CDATA[Toronto]]>
              </value>
            </param>
            <param index="2">
              <value>
                <![CDATA[VD43545fd]]>
              </value>
            </param>
            <param index="3">
              <value>
                <![CDATA[car insurance]]>
              </value>
            </param>
          </params>
          <reporter-output>
          </reporter-output>
        </test-method> <!-- Addpayee -->
        <test-method status="PASS" signature="Addpayee(java.lang.String, java.lang.String, java.lang.String, java.lang.String)[pri:2, instance:datadriventestcases.AddPayee_datadriven@1b1cfb87]" name="Addpayee" duration-ms="864" started-at="2019-12-06T05:19:56Z" data-provider="credentials" finished-at="2019-12-06T05:19:57Z">
          <params>
            <param index="0">
              <value>
                <![CDATA[XMMSpkds]]>
              </value>
            </param>
            <param index="1">
              <value>
                <![CDATA[Ottawa]]>
              </value>
            </param>
            <param index="2">
              <value>
                <![CDATA[RDvbfghdf]]>
              </value>
            </param>
            <param index="3">
              <value>
                <![CDATA[charity]]>
              </value>
            </param>
          </params>
          <reporter-output>
          </reporter-output>
        </test-method> <!-- Addpayee -->
        <test-method status="PASS" signature="endpayee()[pri:3, instance:datadriventestcases.AddPayee_datadriven@1b1cfb87]" name="endpayee" duration-ms="819" started-at="2019-12-06T05:19:57Z" finished-at="2019-12-06T05:19:58Z">
          <reporter-output>
          </reporter-output>
        </test-method> <!-- endpayee -->
      </class> <!-- datadriventestcases.AddPayee_datadriven -->
    </test> <!-- Addpayee_Function -->
  </suite> <!-- Addpayee -->
</testng-results>
