<?xml version="1.0" encoding="UTF-8"?>
<!-- Generated by org.testng.reporters.JUnitXMLReporter -->
<testsuite hostname="LAPTOP-S3E6FN1T" ignored="0" name="Regression" tests="7" failures="0" timestamp="06 Dec 2019 05:21:32 GMT" time="66.43" errors="0">
  <testcase name="showAcc" time="9.395" classname="functionaltestcases.AccountSummaryTestCase"/>
  <testcase name="Addpayee" time="7.957" classname="functionaltestcases.AddPayeeTestCase"/>
  <testcase name="PurchaseCur" time="10.395" classname="functionaltestcases.PurchaseFCurrencyTestCase"/>
  <testcase name="showtr" time="9.788" classname="functionaltestcases.ShowTransactionTestCase"/>
  <testcase name="Findtr" time="10.323" classname="functionaltestcases.FindTransactionTestCase"/>
  <testcase name="PayPayee" time="8.24" classname="functionaltestcases.PaySavedPayeeTestCase"/>
  <testcase name="transferfunds" time="9.772" classname="functionaltestcases.TransferFundTestCase"/>
</testsuite> <!-- Regression -->
