<?xml version="1.0" encoding="UTF-8"?>
<testng-results skipped="0" failed="0" ignored="0" total="1" passed="1">
  <reporter-output>
  </reporter-output>
  <suite name="Default suite" duration-ms="11488" started-at="2019-12-06T08:58:21 EST" finished-at="2019-12-06T08:58:33 EST">
    <groups>
    </groups>
    <test name="Default test" duration-ms="11488" started-at="2019-12-06T08:58:21 EST" finished-at="2019-12-06T08:58:33 EST">
      <class name="functionaltestcases.PaySavedPayeeTestCase">
        <test-method status="PASS" signature="PayPayee()[pri:0, instance:functionaltestcases.PaySavedPayeeTestCase@53ce1329]" name="PayPayee" duration-ms="11433" started-at="2019-12-06T08:58:21 EST" finished-at="2019-12-06T08:58:33 EST">
          <reporter-output>
          </reporter-output>
        </test-method> <!-- PayPayee -->
      </class> <!-- functionaltestcases.PaySavedPayeeTestCase -->
    </test> <!-- Default test -->
  </suite> <!-- Default suite -->
</testng-results>
