<?xml version="1.0" encoding="UTF-8"?>
<!-- Generated by org.testng.reporters.JUnitXMLReporter -->
<testsuite hostname="LAPTOP-S3E6FN1T" ignored="0" name="Regression" tests="7" failures="0" timestamp="05 Dec 2019 00:40:21 GMT" time="61.921" errors="0">
  <testcase name="showAcc" time="10.685" classname="functionaltestcases.AccountSummaryTestCase"/>
  <testcase name="Addpayee" time="7.609" classname="functionaltestcases.AddPayeeTestCase"/>
  <testcase name="PurchaseCur" time="8.217" classname="functionaltestcases.PurchaseFCurrencyTestCase"/>
  <testcase name="showtr" time="9.7" classname="functionaltestcases.ShowTransactionTestCase"/>
  <testcase name="Findtr" time="9.549" classname="functionaltestcases.FindTransactionTestCase"/>
  <testcase name="PayPayee" time="8.311" classname="functionaltestcases.PaySavedPayeeTestCase"/>
  <testcase name="transferfunds" time="7.273" classname="functionaltestcases.TransferFundTestCase"/>
</testsuite> <!-- Regression -->
