<?xml version="1.0" encoding="UTF-8"?>
<!-- Generated by org.testng.reporters.JUnitXMLReporter -->
<testsuite hostname="LAPTOP-S3E6FN1T" ignored="0" name="Regression" tests="7" failures="0" timestamp="04 Dec 2019 21:13:07 GMT" time="70.928" errors="0">
  <testcase name="showAcc" time="13.326" classname="functionaltestcases.AccountSummaryTestCase"/>
  <testcase name="Addpayee" time="7.223" classname="functionaltestcases.AddPayeeTestCase"/>
  <testcase name="PurchaseCur" time="9.305" classname="functionaltestcases.PurchaseFCurrencyTestCase"/>
  <testcase name="showtr" time="12.414" classname="functionaltestcases.ShowTransactionTestCase"/>
  <testcase name="Findtr" time="10.147" classname="functionaltestcases.FindTransactionTestCase"/>
  <testcase name="PayPayee" time="9.877" classname="functionaltestcases.PaySavedPayeeTestCase"/>
  <testcase name="transferfunds" time="8.154" classname="functionaltestcases.TransferFundTestCase"/>
</testsuite> <!-- Regression -->
