<?xml version="1.0" encoding="UTF-8"?>
<!-- Generated by org.testng.reporters.JUnitXMLReporter -->
<testsuite hostname="LAPTOP-S3E6FN1T" ignored="0" name="Addpayee_Function" tests="6" failures="0" timestamp="2019-12-04T16:16:58 EST" time="13.256" errors="0">
  <testcase name="asign" time="7.393" classname="datadriventestcases.AddPayee_datadriven"/>
  <testcase name="Addpayee" time="1.349" classname="datadriventestcases.AddPayee_datadriven"/>
  <testcase name="Addpayee" time="0.94" classname="datadriventestcases.AddPayee_datadriven"/>
  <testcase name="Addpayee" time="0.846" classname="datadriventestcases.AddPayee_datadriven"/>
  <testcase name="Addpayee" time="1.069" classname="datadriventestcases.AddPayee_datadriven"/>
  <testcase name="endpayee" time="0.673" classname="datadriventestcases.AddPayee_datadriven"/>
</testsuite> <!-- Addpayee_Function -->
