<?xml version="1.0" encoding="UTF-8"?>
<!-- Generated by org.testng.reporters.JUnitXMLReporter -->
<testsuite hostname="LAPTOP-S3E6FN1T" ignored="0" name="Addpayee_Function" tests="6" failures="0" timestamp="06 Dec 2019 05:19:58 GMT" time="10.488" errors="0">
  <testcase name="asign" time="5.465" classname="datadriventestcases.AddPayee_datadriven"/>
  <testcase name="Addpayee" time="1.084" classname="datadriventestcases.AddPayee_datadriven"/>
  <testcase name="Addpayee" time="0.941" classname="datadriventestcases.AddPayee_datadriven"/>
  <testcase name="Addpayee" time="0.843" classname="datadriventestcases.AddPayee_datadriven"/>
  <testcase name="Addpayee" time="0.864" classname="datadriventestcases.AddPayee_datadriven"/>
  <testcase name="endpayee" time="0.819" classname="datadriventestcases.AddPayee_datadriven"/>
</testsuite> <!-- Addpayee_Function -->
