<?xml version="1.0" encoding="UTF-8"?>
<!-- Generated by org.testng.reporters.JUnitXMLReporter -->
<testsuite hostname="LAPTOP-S3E6FN1T" ignored="0" name="Addpayee_Function" tests="6" failures="0" timestamp="05 Dec 2019 00:39:17 GMT" time="11.209" errors="0">
  <testcase name="asign" time="6.069" classname="datadriventestcases.AddPayee_datadriven"/>
  <testcase name="Addpayee" time="1.084" classname="datadriventestcases.AddPayee_datadriven"/>
  <testcase name="Addpayee" time="0.947" classname="datadriventestcases.AddPayee_datadriven"/>
  <testcase name="Addpayee" time="0.826" classname="datadriventestcases.AddPayee_datadriven"/>
  <testcase name="Addpayee" time="0.897" classname="datadriventestcases.AddPayee_datadriven"/>
  <testcase name="endpayee" time="0.979" classname="datadriventestcases.AddPayee_datadriven"/>
</testsuite> <!-- Addpayee_Function -->
