<?xml version="1.0" encoding="UTF-8"?>
<!-- Generated by org.testng.reporters.JUnitXMLReporter -->
<testsuite hostname="LAPTOP-S3E6FN1T" ignored="0" name="Login_data-driven" tests="5" failures="3" timestamp="06 Dec 2019 05:19:45 GMT" time="10.775" errors="0">
  <testcase name="asign" time="5.46" classname="datadriventestcases.LoginDataDriven"/>
  <testcase name="login" time="0.484" classname="datadriventestcases.LoginDataDriven">
    <failure type="java.lang.AssertionError" message="expected [Zero - Log in] but found [Zero - Account Summary]">
      <![CDATA[java.lang.AssertionError: expected [Zero - Log in] but found [Zero - Account Summary]
at datadriventestcases.LoginDataDriven.login(LoginDataDriven.java:32)
... Removed 35 stack frames]]>
    </failure>
  </testcase> <!-- login -->
  <testcase name="login" time="0.435" classname="datadriventestcases.LoginDataDriven">
    <failure type="java.lang.AssertionError" message="expected [Zero - Log in] but found [Zero - Account Summary]">
      <![CDATA[java.lang.AssertionError: expected [Zero - Log in] but found [Zero - Account Summary]
at datadriventestcases.LoginDataDriven.login(LoginDataDriven.java:32)
... Removed 35 stack frames]]>
    </failure>
  </testcase> <!-- login -->
  <testcase name="login" time="0.414" classname="datadriventestcases.LoginDataDriven">
    <failure type="java.lang.AssertionError" message="expected [Zero - Log in] but found [Zero - Account Summary]">
      <![CDATA[java.lang.AssertionError: expected [Zero - Log in] but found [Zero - Account Summary]
at datadriventestcases.LoginDataDriven.login(LoginDataDriven.java:32)
... Removed 35 stack frames]]>
    </failure>
  </testcase> <!-- login -->
  <testcase name="login" time="1.553" classname="datadriventestcases.LoginDataDriven"/>
</testsuite> <!-- Login_data-driven -->
