<?xml version="1.0" encoding="UTF-8"?>
<!-- Generated by org.testng.reporters.JUnitXMLReporter -->
<testsuite hostname="LAPTOP-S3E6FN1T" ignored="0" name="Login_data-driven" tests="5" failures="3" timestamp="05 Dec 2019 00:39:03 GMT" time="11.293" errors="0">
  <testcase name="asign" time="6.027" classname="datadriventestcases.LoginDataDriven"/>
  <testcase name="login" time="0.56" classname="datadriventestcases.LoginDataDriven">
    <failure type="java.lang.AssertionError" message="expected [Zero - Log in] but found [Zero - Account Summary]">
      <![CDATA[java.lang.AssertionError: expected [Zero - Log in] but found [Zero - Account Summary]
at datadriventestcases.LoginDataDriven.login(LoginDataDriven.java:32)
... Removed 35 stack frames]]>
    </failure>
  </testcase> <!-- login -->
  <testcase name="login" time="0.401" classname="datadriventestcases.LoginDataDriven">
    <failure type="java.lang.AssertionError" message="expected [Zero - Log in] but found [Zero - Account Summary]">
      <![CDATA[java.lang.AssertionError: expected [Zero - Log in] but found [Zero - Account Summary]
at datadriventestcases.LoginDataDriven.login(LoginDataDriven.java:32)
... Removed 35 stack frames]]>
    </failure>
  </testcase> <!-- login -->
  <testcase name="login" time="0.439" classname="datadriventestcases.LoginDataDriven">
    <failure type="java.lang.AssertionError" message="expected [Zero - Log in] but found [Zero - Account Summary]">
      <![CDATA[java.lang.AssertionError: expected [Zero - Log in] but found [Zero - Account Summary]
at datadriventestcases.LoginDataDriven.login(LoginDataDriven.java:32)
... Removed 35 stack frames]]>
    </failure>
  </testcase> <!-- login -->
  <testcase name="login" time="1.479" classname="datadriventestcases.LoginDataDriven"/>
</testsuite> <!-- Login_data-driven -->
